<<<<<<< HEAD
GAS LISTING /var/folders/nd/dq8cd7_x03d_z3x899kwf__80000gn/T//ccpdcMtI.s 			page 1
=======
GAS LISTING /var/folders/nd/dq8cd7_x03d_z3x899kwf__80000gn/T//ccHqVECK.s 			page 1
>>>>>>> f6c4c6f65e540aa373199fd6e6f99dea43d68ce6


   1               		.file	"oddebug.c"
   2               	__SREG__ = 0x3f
   3               	__SP_H__ = 0x3e
   4               	__SP_L__ = 0x3d
   5               	__CCP__ = 0x34
   6               	__tmp_reg__ = 0
   7               	__zero_reg__ = 1
<<<<<<< HEAD
GAS LISTING /var/folders/nd/dq8cd7_x03d_z3x899kwf__80000gn/T//ccpdcMtI.s 			page 2
=======
GAS LISTING /var/folders/nd/dq8cd7_x03d_z3x899kwf__80000gn/T//ccHqVECK.s 			page 2
>>>>>>> f6c4c6f65e540aa373199fd6e6f99dea43d68ce6


DEFINED SYMBOLS
                            *ABS*:00000000 oddebug.c
<<<<<<< HEAD
/var/folders/nd/dq8cd7_x03d_z3x899kwf__80000gn/T//ccpdcMtI.s:2      *ABS*:0000003f __SREG__
/var/folders/nd/dq8cd7_x03d_z3x899kwf__80000gn/T//ccpdcMtI.s:3      *ABS*:0000003e __SP_H__
/var/folders/nd/dq8cd7_x03d_z3x899kwf__80000gn/T//ccpdcMtI.s:4      *ABS*:0000003d __SP_L__
/var/folders/nd/dq8cd7_x03d_z3x899kwf__80000gn/T//ccpdcMtI.s:5      *ABS*:00000034 __CCP__
/var/folders/nd/dq8cd7_x03d_z3x899kwf__80000gn/T//ccpdcMtI.s:6      *ABS*:00000000 __tmp_reg__
/var/folders/nd/dq8cd7_x03d_z3x899kwf__80000gn/T//ccpdcMtI.s:7      *ABS*:00000001 __zero_reg__
=======
/var/folders/nd/dq8cd7_x03d_z3x899kwf__80000gn/T//ccHqVECK.s:2      *ABS*:0000003f __SREG__
/var/folders/nd/dq8cd7_x03d_z3x899kwf__80000gn/T//ccHqVECK.s:3      *ABS*:0000003e __SP_H__
/var/folders/nd/dq8cd7_x03d_z3x899kwf__80000gn/T//ccHqVECK.s:4      *ABS*:0000003d __SP_L__
/var/folders/nd/dq8cd7_x03d_z3x899kwf__80000gn/T//ccHqVECK.s:5      *ABS*:00000034 __CCP__
/var/folders/nd/dq8cd7_x03d_z3x899kwf__80000gn/T//ccHqVECK.s:6      *ABS*:00000000 __tmp_reg__
/var/folders/nd/dq8cd7_x03d_z3x899kwf__80000gn/T//ccHqVECK.s:7      *ABS*:00000001 __zero_reg__
>>>>>>> f6c4c6f65e540aa373199fd6e6f99dea43d68ce6

NO UNDEFINED SYMBOLS
